2013-07-14 17:52:43+0800 [scrapy] INFO: Scrapy 0.16.5 started (bot: tutorial)
2013-07-14 17:52:43+0800 [scrapy] DEBUG: Enabled extensions: LogStats, TelnetConsole, CloseSpider, WebService, CoreStats, SpiderState
2013-07-14 17:52:43+0800 [scrapy] DEBUG: Enabled downloader middlewares: HttpAuthMiddleware, DownloadTimeoutMiddleware, UserAgentMiddleware, RetryMiddleware, DefaultHeadersMiddleware, RedirectMiddleware, CookiesMiddleware, HttpCompressionMiddleware, ChunkedTransferMiddleware, DownloaderStats
2013-07-14 17:52:43+0800 [scrapy] DEBUG: Enabled spider middlewares: HttpErrorMiddleware, OffsiteMiddleware, RefererMiddleware, UrlLengthMiddleware, DepthMiddleware
2013-07-14 17:52:43+0800 [scrapy] DEBUG: Enabled item pipelines: 
2013-07-14 17:53:32+0800 [scrapy] INFO: Scrapy 0.16.5 started (bot: tutorial)
2013-07-14 17:53:32+0800 [scrapy] DEBUG: Enabled extensions: LogStats, TelnetConsole, CloseSpider, WebService, CoreStats, SpiderState
2013-07-14 17:53:32+0800 [scrapy] DEBUG: Enabled downloader middlewares: HttpAuthMiddleware, DownloadTimeoutMiddleware, UserAgentMiddleware, RetryMiddleware, DefaultHeadersMiddleware, RedirectMiddleware, CookiesMiddleware, HttpCompressionMiddleware, ChunkedTransferMiddleware, DownloaderStats
2013-07-14 17:53:32+0800 [scrapy] DEBUG: Enabled spider middlewares: HttpErrorMiddleware, OffsiteMiddleware, RefererMiddleware, UrlLengthMiddleware, DepthMiddleware
2013-07-14 17:53:32+0800 [scrapy] DEBUG: Enabled item pipelines: 
2013-07-14 17:53:32+0800 [dmoz] INFO: Spider opened
2013-07-14 17:53:32+0800 [dmoz] INFO: Crawled 0 pages (at 0 pages/min), scraped 0 items (at 0 items/min)
2013-07-14 17:53:32+0800 [scrapy] DEBUG: Telnet console listening on 0.0.0.0:6023
2013-07-14 17:53:32+0800 [scrapy] DEBUG: Web service listening on 0.0.0.0:6080
2013-07-14 17:53:32+0800 [dmoz] DEBUG: Crawled (200) <GET http://www.haibao.com> (referer: None)
2013-07-14 17:53:33+0800 [dmoz] DEBUG: Scraped from <200 http://www.haibao.com>
	{'link': [], 'pageLink': []}
2013-07-14 17:53:33+0800 [dmoz] INFO: Closing spider (finished)
2013-07-14 17:53:33+0800 [dmoz] INFO: Dumping Scrapy stats:
	{'downloader/request_bytes': 220,
	 'downloader/request_count': 1,
	 'downloader/request_method_count/GET': 1,
	 'downloader/response_bytes': 158910,
	 'downloader/response_count': 1,
	 'downloader/response_status_count/200': 1,
	 'finish_reason': 'finished',
	 'finish_time': datetime.datetime(2013, 7, 14, 9, 53, 33, 206528),
	 'item_scraped_count': 1,
	 'log_count/DEBUG': 8,
	 'log_count/INFO': 4,
	 'response_received_count': 1,
	 'scheduler/dequeued': 1,
	 'scheduler/dequeued/memory': 1,
	 'scheduler/enqueued': 1,
	 'scheduler/enqueued/memory': 1,
	 'start_time': datetime.datetime(2013, 7, 14, 9, 53, 32, 129809)}
2013-07-14 17:53:33+0800 [dmoz] INFO: Spider closed (finished)
